<?xml version="1.0" encoding="UTF-8"?>
<!-- Generated by org.testng.reporters.JUnitReportReporter -->
<testsuite hostname="DESKTOP-PI42D7J" failures="0" tests="3" name="testRunner.Runner" time="70.757" errors="0" timestamp="2024-07-02T16:47:39 IST" skipped="0">
  <testcase classname="testRunner.Runner" name="runScenario" time="13.716"/>
  <testcase classname="testRunner.Runner" name="runScenario" time="13.475"/>
  <testcase classname="testRunner.Runner" name="runScenario" time="43.566"/>
</testsuite> <!-- testRunner.Runner -->
